MPASM  5.42                         FLASH.ASM   8-16-2017  10:58:40         PAGE  1


LOC  OBJECT CODE     LINE SOURCE TEXT
  VALUE

                      00001 
                      00002 ; PICBASIC PRO(TM) Compiler 3.0.1.4, (c) 1998, 2011 microEngineering Labs, Inc. All Rights Reserved. 
  00000001            00003 MPASMWIN_USED                   EQU     1
                      00004 
                      00005 #define PBP_PATH        C:\PBP3\
                      00006 
                      00007 
                      00008 
                      00009 
                      00017         LIST
                      00018         LIST p = 16F84, r = dec, w = -302
                      00019         INCLUDE "P16F84.INC"    ; MPASM  Header
                      00001         LIST
                      00002 
                      00003 ;==========================================================================
                      00004 ;  MPASM PIC16F84 processor include
                      00005 ; 
                      00006 ;  (c) Copyright 1999-2011 Microchip Technology, All rights reserved
                      00007 ;==========================================================================
                      00008 
                      00199         LIST
                      00022         LIST
                      00023 
                      00024 
                      00025 PBP_HARDWAREDEF  macro
                      00026   endm
                      00027 
                      00028 
                      00029     ifdef PM_USED
                      00030         device  pic16F84, xt_osc, wdt_on, protect_off
                      00031     else
2007   3FFD           00032         __config _XT_OSC & _WDT_ON & _CP_OFF
                      00033     endif
                      00034 
                      00035 
  0000000C            00036 RAM_START                       EQU     0000Ch
  0000004F            00037 RAM_END                         EQU     0004Fh
  00000001            00038 RAM_BANKS                       EQU     00001h
  0000000C            00039 BANK0_START                     EQU     0000Ch
  0000004F            00040 BANK0_END                       EQU     0004Fh
  00002100            00041 EEPROM_START                    EQU     02100h
  0000213F            00042 EEPROM_END                      EQU     0213Fh
                      00043 
                      00044 ; C:\PBP3\PBPPIC14.RAM          00012   A0000C  R0      VAR     WORD BANK0 SYSTEM       ' System Registe
                            r
  0000000C            00045 R0                              EQU     RAM_START + 000h
                      00046 ; C:\PBP3\PBPPIC14.RAM          00013   A0000E  R1      VAR     WORD BANK0 SYSTEM       ' System Registe
                            r
  0000000E            00047 R1                              EQU     RAM_START + 002h
                      00048 ; C:\PBP3\PBPPIC14.RAM          00014   A00010  R2      VAR     WORD BANK0 SYSTEM       ' System Registe
                            r
  00000010            00049 R2                              EQU     RAM_START + 004h
                      00050 ; C:\PBP3\PBPPIC14.RAM          00015   A00012  R3      VAR     WORD BANK0 SYSTEM       ' System Registe
MPASM  5.42                         FLASH.ASM   8-16-2017  10:58:40         PAGE  2


LOC  OBJECT CODE     LINE SOURCE TEXT
  VALUE

                            r
  00000012            00051 R3                              EQU     RAM_START + 006h
                      00052 ; C:\PBP3\PBPPIC14.RAM          00016   A00014  R4      VAR     WORD BANK0 SYSTEM       ' System Registe
                            r
  00000014            00053 R4                              EQU     RAM_START + 008h
                      00054 ; C:\PBP3\PBPPIC14.RAM          00017   A00016  R5      VAR     WORD BANK0 SYSTEM       ' System Registe
                            r
  00000016            00055 R5                              EQU     RAM_START + 00Ah
                      00056 ; C:\PBP3\PBPPIC14.RAM          00018   A00018  R6      VAR     WORD BANK0 SYSTEM       ' System Registe
                            r
  00000018            00057 R6                              EQU     RAM_START + 00Ch
                      00058 ; C:\PBP3\PBPPIC14.RAM          00019   A0001A  R7      VAR     WORD BANK0 SYSTEM       ' System Registe
                            r
  0000001A            00059 R7                              EQU     RAM_START + 00Eh
                      00060 ; C:\PBP3\PBPPIC14.RAM          00020   A0001C  R8      VAR     WORD BANK0 SYSTEM       ' System Registe
                            r
  0000001C            00061 R8                              EQU     RAM_START + 010h
                      00062 ; C:\PBP3\PBPPIC14.RAM          00026   A0001E  FLAGS   VAR     BYTE BANK0 SYSTEM       ' Static flags
  0000001E            00063 FLAGS                           EQU     RAM_START + 012h
                      00064 ; C:\PBP3\PBPPIC14.RAM          00025   A0001F  GOP     VAR     BYTE BANK0 SYSTEM       ' Gen Op Paramet
                            er
  0000001F            00065 GOP                             EQU     RAM_START + 013h
                      00066 ; C:\PBP3\PBPPIC14.RAM          00022   A00020  RM1     VAR     BYTE BANK0 SYSTEM       ' Pin 1 Mask
  00000020            00067 RM1                             EQU     RAM_START + 014h
                      00068 ; C:\PBP3\PBPPIC14.RAM          00024   A00021  RM2     VAR     BYTE BANK0 SYSTEM       ' Pin 2 Mask
  00000021            00069 RM2                             EQU     RAM_START + 015h
                      00070 ; C:\PBP3\PBPPIC14.RAM          00021   A00022  RR1     VAR     BYTE BANK0 SYSTEM       ' Pin 1 Register
  00000022            00071 RR1                             EQU     RAM_START + 016h
                      00072 ; C:\PBP3\PBPPIC14.RAM          00023   A00023  RR2     VAR     BYTE BANK0 SYSTEM       ' Pin 2 Register
  00000023            00073 RR2                             EQU     RAM_START + 017h
                      00074 ; C:\PBP3\DEVICES\PIC16F84.PBPINC       00109   PORTL   VAR     PORTB
  00000006            00075 _PORTL                          EQU      PORTB
                      00076 ; C:\PBP3\DEVICES\PIC16F84.PBPINC       00110   PORTH   VAR     PORTA
  00000005            00077 _PORTH                          EQU      PORTA
                      00078 ; C:\PBP3\DEVICES\PIC16F84.PBPINC       00111   TRISL   VAR     TRISB
  00000086            00079 _TRISL                          EQU      TRISB
                      00080 ; C:\PBP3\DEVICES\PIC16F84.PBPINC       00112   TRISH   VAR     TRISA
  00000085            00081 _TRISH                          EQU      TRISA
                      00082 #define _LED                    _PORTB??0
                      00083 #define _PORTB??0                PORTB, 000h
                      00084         INCLUDE "FLASH.MAC"
                      00001 
                      00049         LIST
                      00085         INCLUDE "C:\PBP3\PBPPIC14.LIB"
                      00001 ;******************************************************************
                      00002 ;*  PBPPIC14.LIB                                                  *
                      00003 ;*                                                                *
                      00004 ;*  By        : Leonard Zerman, Jeff Schmoyer,                    *
                      00005 ;*              Darrel Taylor, Charles Leo                        *
                      00006 ;*  Notice    : Copyright (c) 2011 microEngineering Labs, Inc.    *
                      00007 ;*              All Rights Reserved                               *
                      00008 ;*  Date      : 07/15/2011                                        *
                      00009 ;*  Version   : 3.0.0                                             *
MPASM  5.42                         FLASH.ASM   8-16-2017  10:58:40         PAGE  3


LOC  OBJECT CODE     LINE SOURCE TEXT
  VALUE

                      00010 ;*  Notes     :                                                   *
                      00011 ;******************************************************************
                      00055   LIST
                      00056 ; Oscillator is 4MHz
                      01135   LIST
0000                  01136     ORG RESET_ORG               ; Reset vector usually at 0
                      01151   LIST
0000   2828           01152         goto    INIT            ; Finish initialization
                      06338   LIST
0001   018F           06339 PAUSE   clrf    R1 + 1
0002   008E           06340 PAUSEL  movwf   R1
0003   30FF           06341 pauseloop movlw -1              ; 1 (9)
0004   078E           06342         addwf   R1, F           ; 1
0005   1C03           06343         btfss   STATUS, C       ; 1 / 2
0006   078F           06344         addwf   R1 + 1, F       ; 1 / 0
0007   1C03           06345         btfss   STATUS, C       ; 2
0008   2823           06346         goto    DONE
0009   3003           06347         movlw   (PAUSE_DELAY) >> 8      ; 1
000A   008D           06348         movwf   R0 + 1          ; 1
000B   30DF           06349         movlw   low (PAUSE_DELAY)       ; 1
000C   200F           06350         call    PAUSEUSL        ; -2 (PAUSEUSL gives you 2 less than you ask for)
000D   2803           06351         goto    pauseloop       ; 2
                      06395   LIST
000E   018D           06396 PAUSEUS clrf    R0 + 1          ; 1
000F   3EE8           06397 PAUSEUSL addlw  -24             ; 1 Subtract overhead
0010   008C           06398         movwf   R0              ; 1
0011   098D           06399         comf    R0 + 1, F       ; 1
0012   30FC           06400         movlw   -4              ; 1
0013   1C03           06401         btfss   STATUS, C       ; 1 / 2
0014   2818           06402         goto    pauseush        ; 2 / 0
0015   078C           06403 pauseusloop addwf R0, F         ; 1
0016   1803           06404         btfsc   STATUS, C       ; 1 / 2
0017   2815           06405         goto    pauseusloop     ; 2 / 0
0018   078C           06406 pauseush addwf  R0, F           ; 1 Do an extra countdown
                      06407         CLRWDT?NOP              ; 1 Keep Watchdog clear
                          M     ifndef NO_CLRWDT
0019   0064               M         clrwdt
                          M     else
                          M         nop
                          M     endif
001A   0F8D           06408         incfsz  R0 + 1, F       ; 1 / 2
001B   2815           06409         goto    pauseusloop     ; 2 / 0
001C   180C           06410         btfsc   R0, 0           ; 1 / 2
001D   281E           06411         goto    $ + 1           ; 2 / 0 Burn an extra cycle
001E   1C8C           06412         btfss   R0, 1           ; 1 / 2
001F   2822           06413         goto    pauseusdone     ; 2 / 0
0020   0000           06414         nop                     ; 1
0021   2822           06415         goto    $ + 1           ; 2 Burn an extra 2 cycles
0022   0008           06416 pauseusdone return              ; 2 + 3 (call + setup)
                      07775   LIST
0023   1383           07776 DONE    bcf     STATUS, IRP     ; 1 Set FSR to bank 0/1
0024   1303           07777         bcf     STATUS, RP1     ; 1 Show direct bank 0
0025   1283           07778         bcf     STATUS, RP0     ; 1
MPASM  5.42                         FLASH.ASM   8-16-2017  10:58:40         PAGE  4


LOC  OBJECT CODE     LINE SOURCE TEXT
  VALUE

                      07779         CLRWDT?NOP              ; 1 Hit Watchdog timer
                          M     ifndef NO_CLRWDT
0026   0064               M         clrwdt
                          M     else
                          M         nop
                          M     endif
0027   0008           07780 DONERET return                  ; 2 Done
                      07806   LIST
0028                  07807 INIT
                      07845   LIST
0028                  07846 main
                      00086 
                      00087 
                      00088 ; C:\PBP3\DEVICES\PIC16F84.PBPINC       00036   Z00002  #HEADER
0028                  00089 Z00002
                      00090 ; C:\PBP3\DEVICES\PIC16F84.PBPINC       00060   Z00003  #CONFIG
0028                  00091 Z00003
                      00092 ; C:\PBP3\DEVICES\PIC16F84.PBPINC       00102   Z00004  BANK0   $000C, $004F
0028                  00093 Z00004
                      00094 ; C:\PBP3\DEVICES\PIC16F84.PBPINC       00104   Z00005  EEPROM  $2100, $213F
0028                  00095 Z00005
                      00096 ; C:\PBP3\DEVICES\PIC16F84.PBPINC       00106   Z00006      #ERROR "-n option (PBPL) is not supported fo
                            r this device."
0028                  00097 Z00006
                      00098 ; C:\PBP3\DEVICES\PIC16F84.PBPINC       00107   Z00007  #ENDIF
0028                  00099 Z00007
                      00100 ; C:\PBP3\DEVICES\PIC16F84.PBPINC       00108   Z00008  LIBRARY "PBPPIC14"
0028                  00101 Z00008
                      00102 
                      00103 ; C:\PBP3\DEVICES\PIC16F84.PBPINC       00113   Z00009  include "PBPPIC14.RAM"
0028                  00104 Z00009
                      00105 ; C:\PBP3\DEVICES\PIC16F84.PBPINC       00117   Z0000A  #HEADER
0028                  00106 Z0000A
                      00107 
                      00108 ; C:\USERS\S2825585\DESKTOP\SAMPLEREPO\FLASH.BAS        00014   Z0000B  mainloop:
0028                  00109 Z0000B
                      00110 
                      00111         LABEL?L _mainloop       
                          M         RST?RP
                          M     if ((PREV_BANK & 1) != 0)
                          M         bcf     STATUS, RP0
                          M     endif
                          M     if ((PREV_BANK & 2) != 0)
                          M         bcf     STATUS, RP1
                          M     endif
  00000000                M PREV_BANK = 0
                          M     ifdef PM_USED
                          M         LALL
                          M _mainloop
                          M         XALL
                          M     else
0028                      M _mainloop
                          M     endif
MPASM  5.42                         FLASH.ASM   8-16-2017  10:58:40         PAGE  5


LOC  OBJECT CODE     LINE SOURCE TEXT
  VALUE

                      00112 
                      00113 ; C:\USERS\S2825585\DESKTOP\SAMPLEREPO\FLASH.BAS        00015   Z0000C     High LED        ' Turn on LED
                             connected to PORTB.0
0028                  00114 Z0000C
                      00115         HIGH?T  _LED
                          M         MOVE?CT 1, PORTB, 000h
                          M         CHK?RP  PORTB
                          M     if (((PORTB) & 180h) == 0)
                          M       if (PREV_BANK == 1)
                          M         bcf     STATUS, RP0
                          M       endif
                          M       if (PREV_BANK == 2)
                          M         bcf     STATUS, RP1
                          M       endif
                          M       if (PREV_BANK == 3)
                          M         bcf     STATUS, RP0
                          M         bcf     STATUS, RP1
                          M       endif
  00000000                M PREV_BANK = 0
                          M     endif
                          M 
                          M     if (((PORTB) & 180h) == 80h)
                          M       if (PREV_BANK == 0)
                          M         bsf     STATUS, RP0
                          M       endif
                          M       if (PREV_BANK == 2)
                          M         bsf     STATUS, RP0
                          M         bcf     STATUS, RP1
                          M       endif
                          M       if (PREV_BANK == 3)
                          M         bcf     STATUS, RP1
                          M       endif
                          M PREV_BANK = 1
                          M     endif
                          M 
                          M     if (((PORTB) & 180h) == 100h)
                          M       if (PREV_BANK == 0)
                          M         bsf     STATUS, RP1
                          M       endif
                          M       if (PREV_BANK == 1)
                          M         bcf     STATUS, RP0
                          M         bsf     STATUS, RP1
                          M       endif
                          M       if (PREV_BANK == 3)
                          M         bcf     STATUS, RP0
                          M       endif
                          M PREV_BANK = 2
                          M     endif
                          M 
                          M     if (((PORTB) & 180h) == 180h)
                          M       if (PREV_BANK == 0)
                          M         bsf     STATUS, RP0
                          M         bsf     STATUS, RP1
MPASM  5.42                         FLASH.ASM   8-16-2017  10:58:40         PAGE  6


LOC  OBJECT CODE     LINE SOURCE TEXT
  VALUE

                          M       endif
                          M       if (PREV_BANK == 1)
                          M         bsf     STATUS, RP1
                          M       endif
                          M       if (PREV_BANK == 2)
                          M         bsf     STATUS, RP0
                          M       endif
                          M PREV_BANK = 3
                          M     endif
                          M     if (((1)   & 1) == 1)
0028   1406               M         bsf     PORTB,  000h
                          M     else
                          M         bcf     PORTB,  000h
                          M     endif
                          M         MOVE?CT 0, ((PORTB) + 80h), 000h
                          M         CHK?RP  ((PORTB) + 80h)
                          M     if (((((PORTB) + 80h)) & 180h) == 0)
                          M       if (PREV_BANK == 1)
                          M         bcf     STATUS, RP0
                          M       endif
                          M       if (PREV_BANK == 2)
                          M         bcf     STATUS, RP1
                          M       endif
                          M       if (PREV_BANK == 3)
                          M         bcf     STATUS, RP0
                          M         bcf     STATUS, RP1
                          M       endif
                          M PREV_BANK = 0
                          M     endif
                          M 
                          M     if (((((PORTB) + 80h)) & 180h) == 80h)
                          M       if (PREV_BANK == 0)
0029   1683               M         bsf     STATUS, RP0
                          M       endif
                          M       if (PREV_BANK == 2)
                          M         bsf     STATUS, RP0
                          M         bcf     STATUS, RP1
                          M       endif
                          M       if (PREV_BANK == 3)
                          M         bcf     STATUS, RP1
                          M       endif
  00000001                M PREV_BANK = 1
                          M     endif
                          M 
                          M     if (((((PORTB) + 80h)) & 180h) == 100h)
                          M       if (PREV_BANK == 0)
                          M         bsf     STATUS, RP1
                          M       endif
                          M       if (PREV_BANK == 1)
                          M         bcf     STATUS, RP0
                          M         bsf     STATUS, RP1
                          M       endif
                          M       if (PREV_BANK == 3)
MPASM  5.42                         FLASH.ASM   8-16-2017  10:58:40         PAGE  7


LOC  OBJECT CODE     LINE SOURCE TEXT
  VALUE

                          M         bcf     STATUS, RP0
                          M       endif
                          M PREV_BANK = 2
                          M     endif
                          M 
                          M     if (((((PORTB) + 80h)) & 180h) == 180h)
                          M       if (PREV_BANK == 0)
                          M         bsf     STATUS, RP0
                          M         bsf     STATUS, RP1
                          M       endif
                          M       if (PREV_BANK == 1)
                          M         bsf     STATUS, RP1
                          M       endif
                          M       if (PREV_BANK == 2)
                          M         bsf     STATUS, RP0
                          M       endif
                          M PREV_BANK = 3
                          M     endif
                          M     if (((0)   & 1) == 1)
                          M         bsf     ((PORTB) + 80h), 000h
                          M     else
002A   1006               M         bcf     ((PORTB) + 80h), 000h
                          M     endif
                      00116 
                      00117 ; C:\USERS\S2825585\DESKTOP\SAMPLEREPO\FLASH.BAS        00016   Z0000D     Pause 500       ' Delay for .
                            5 seconds
002B                  00118 Z0000D
                      00119         PAUSE?C 001F4h
                          M     if (((001F4h) >> 8) == 0)
                          M         MOVE?CA 001F4h
                          M         L?CALL  PAUSE
                          M     else
                          M         MOVE?CB (001F4h) >> 8, R1 + 1
                          M         CHK?RP  R1 + 1
                          M     if (((R1 + 1) & 180h) == 0)
                          M       if (PREV_BANK == 1)
002B   1283               M         bcf     STATUS, RP0
                          M       endif
                          M       if (PREV_BANK == 2)
                          M         bcf     STATUS, RP1
                          M       endif
                          M       if (PREV_BANK == 3)
                          M         bcf     STATUS, RP0
                          M         bcf     STATUS, RP1
                          M       endif
  00000000                M PREV_BANK = 0
                          M     endif
                          M 
                          M     if (((R1 + 1) & 180h) == 80h)
                          M       if (PREV_BANK == 0)
                          M         bsf     STATUS, RP0
                          M       endif
                          M       if (PREV_BANK == 2)
MPASM  5.42                         FLASH.ASM   8-16-2017  10:58:40         PAGE  8


LOC  OBJECT CODE     LINE SOURCE TEXT
  VALUE

                          M         bsf     STATUS, RP0
                          M         bcf     STATUS, RP1
                          M       endif
                          M       if (PREV_BANK == 3)
                          M         bcf     STATUS, RP1
                          M       endif
                          M PREV_BANK = 1
                          M     endif
                          M 
                          M     if (((R1 + 1) & 180h) == 100h)
                          M       if (PREV_BANK == 0)
                          M         bsf     STATUS, RP1
                          M       endif
                          M       if (PREV_BANK == 1)
                          M         bcf     STATUS, RP0
                          M         bsf     STATUS, RP1
                          M       endif
                          M       if (PREV_BANK == 3)
                          M         bcf     STATUS, RP0
                          M       endif
                          M PREV_BANK = 2
                          M     endif
                          M 
                          M     if (((R1 + 1) & 180h) == 180h)
                          M       if (PREV_BANK == 0)
                          M         bsf     STATUS, RP0
                          M         bsf     STATUS, RP1
                          M       endif
                          M       if (PREV_BANK == 1)
                          M         bsf     STATUS, RP1
                          M       endif
                          M       if (PREV_BANK == 2)
                          M         bsf     STATUS, RP0
                          M       endif
                          M PREV_BANK = 3
                          M     endif
                          M     if (low ((001F4h) >> 8) == 0)
                          M         clrf    R1 + 1
                          M     else
002C   3001               M         movlw   low ((001F4h) >> 8)
002D   008F               M         movwf   R1 + 1
                          M     endif
                          M         MOVE?CA low (001F4h)
002E   30F4               M         movlw   low (low (001F4h))
                          M         L?CALL  PAUSEL
                          M         RST?RP
                          M     if ((PREV_BANK & 1) != 0)
                          M         bcf     STATUS, RP0
                          M     endif
                          M     if ((PREV_BANK & 2) != 0)
                          M         bcf     STATUS, RP1
                          M     endif
  00000000                M PREV_BANK = 0
MPASM  5.42                         FLASH.ASM   8-16-2017  10:58:40         PAGE  9


LOC  OBJECT CODE     LINE SOURCE TEXT
  VALUE

                          M 
                          M     ifdef USE_LINKER
                          M       if (CODE_SIZE > 2)
                          M         pagesel PAUSEL
                          M       endif
                          M     else
                          M       if ((PAUSEL) < 1)
                          M         if (CODE_SIZE > 2)
                          M           if (((PAUSEL) & 800h) == 0)
                          M         bcf     PCLATH, 3
                          M         else
                          M         bsf     PCLATH, 3
                          M         endif
                          M         endif
                          M         if (CODE_SIZE > 4)
                          M           if (((PAUSEL) & 1000h) == 0)
                          M         bcf     PCLATH, 4
                          M           else
                          M         bsf     PCLATH, 4
                          M           endif
                          M         endif
                          M       else
                          M         if ((PAUSEL) > $)
                          M           if (CODE_SIZE > 2)
                          M             if (((PAUSEL) & 800h) == 0)
                          M         bcf     PCLATH, 3
                          M             else
                          M         bsf     PCLATH, 3
                          M             endif
                          M           endif
                          M           if (CODE_SIZE > 4)
                          M             if (((PAUSEL) & 1000h) == 0)
                          M         bcf     PCLATH, 4
                          M             else
                          M         bsf     PCLATH, 4
                          M             endif
                          M           endif
                          M         else
                          M           if (CODE_SIZE > 2)
                          M             if (((PAUSEL) & 1800h) == 0)
                          M         clrf    PCLATH
                          M             else
                          M               if (((PAUSEL) & 800h) == 0)
                          M         bcf     PCLATH, 3
                          M               else
                          M         bsf     PCLATH, 3
                          M               endif
                          M               if (CODE_SIZE > 4)
                          M                 if (((PAUSEL) & 1000h) == 0)
                          M         bcf     PCLATH, 4
                          M                 else
                          M         bsf     PCLATH, 4
                          M                 endif   
MPASM  5.42                         FLASH.ASM   8-16-2017  10:58:40         PAGE 10


LOC  OBJECT CODE     LINE SOURCE TEXT
  VALUE

                          M               endif
                          M             endif
                          M           endif
                          M         endif
                          M       endif
                          M     endif
                          M 
002F   2002               M         call    PAUSEL
                          M     endif
                      00120 
                      00121 ; C:\USERS\S2825585\DESKTOP\SAMPLEREPO\FLASH.BAS        00018   Z0000E     Low LED         ' Turn off LE
                            D connected to PORTB.0
0030                  00122 Z0000E
                      00123         LOW?T   _LED
                          M         MOVE?CT 0, PORTB, 000h
                          M         CHK?RP  PORTB
                          M     if (((PORTB) & 180h) == 0)
                          M       if (PREV_BANK == 1)
                          M         bcf     STATUS, RP0
                          M       endif
                          M       if (PREV_BANK == 2)
                          M         bcf     STATUS, RP1
                          M       endif
                          M       if (PREV_BANK == 3)
                          M         bcf     STATUS, RP0
                          M         bcf     STATUS, RP1
                          M       endif
  00000000                M PREV_BANK = 0
                          M     endif
                          M 
                          M     if (((PORTB) & 180h) == 80h)
                          M       if (PREV_BANK == 0)
                          M         bsf     STATUS, RP0
                          M       endif
                          M       if (PREV_BANK == 2)
                          M         bsf     STATUS, RP0
                          M         bcf     STATUS, RP1
                          M       endif
                          M       if (PREV_BANK == 3)
                          M         bcf     STATUS, RP1
                          M       endif
                          M PREV_BANK = 1
                          M     endif
                          M 
                          M     if (((PORTB) & 180h) == 100h)
                          M       if (PREV_BANK == 0)
                          M         bsf     STATUS, RP1
                          M       endif
                          M       if (PREV_BANK == 1)
                          M         bcf     STATUS, RP0
                          M         bsf     STATUS, RP1
                          M       endif
                          M       if (PREV_BANK == 3)
MPASM  5.42                         FLASH.ASM   8-16-2017  10:58:40         PAGE 11


LOC  OBJECT CODE     LINE SOURCE TEXT
  VALUE

                          M         bcf     STATUS, RP0
                          M       endif
                          M PREV_BANK = 2
                          M     endif
                          M 
                          M     if (((PORTB) & 180h) == 180h)
                          M       if (PREV_BANK == 0)
                          M         bsf     STATUS, RP0
                          M         bsf     STATUS, RP1
                          M       endif
                          M       if (PREV_BANK == 1)
                          M         bsf     STATUS, RP1
                          M       endif
                          M       if (PREV_BANK == 2)
                          M         bsf     STATUS, RP0
                          M       endif
                          M PREV_BANK = 3
                          M     endif
                          M     if (((0)   & 1) == 1)
                          M         bsf     PORTB,  000h
                          M     else
0030   1006               M         bcf     PORTB,  000h
                          M     endif
                          M         MOVE?CT 0, ((PORTB) + 80h), 000h
                          M         CHK?RP  ((PORTB) + 80h)
                          M     if (((((PORTB) + 80h)) & 180h) == 0)
                          M       if (PREV_BANK == 1)
                          M         bcf     STATUS, RP0
                          M       endif
                          M       if (PREV_BANK == 2)
                          M         bcf     STATUS, RP1
                          M       endif
                          M       if (PREV_BANK == 3)
                          M         bcf     STATUS, RP0
                          M         bcf     STATUS, RP1
                          M       endif
                          M PREV_BANK = 0
                          M     endif
                          M 
                          M     if (((((PORTB) + 80h)) & 180h) == 80h)
                          M       if (PREV_BANK == 0)
0031   1683               M         bsf     STATUS, RP0
                          M       endif
                          M       if (PREV_BANK == 2)
                          M         bsf     STATUS, RP0
                          M         bcf     STATUS, RP1
                          M       endif
                          M       if (PREV_BANK == 3)
                          M         bcf     STATUS, RP1
                          M       endif
  00000001                M PREV_BANK = 1
                          M     endif
                          M 
MPASM  5.42                         FLASH.ASM   8-16-2017  10:58:40         PAGE 12


LOC  OBJECT CODE     LINE SOURCE TEXT
  VALUE

                          M     if (((((PORTB) + 80h)) & 180h) == 100h)
                          M       if (PREV_BANK == 0)
                          M         bsf     STATUS, RP1
                          M       endif
                          M       if (PREV_BANK == 1)
                          M         bcf     STATUS, RP0
                          M         bsf     STATUS, RP1
                          M       endif
                          M       if (PREV_BANK == 3)
                          M         bcf     STATUS, RP0
                          M       endif
                          M PREV_BANK = 2
                          M     endif
                          M 
                          M     if (((((PORTB) + 80h)) & 180h) == 180h)
                          M       if (PREV_BANK == 0)
                          M         bsf     STATUS, RP0
                          M         bsf     STATUS, RP1
                          M       endif
                          M       if (PREV_BANK == 1)
                          M         bsf     STATUS, RP1
                          M       endif
                          M       if (PREV_BANK == 2)
                          M         bsf     STATUS, RP0
                          M       endif
                          M PREV_BANK = 3
                          M     endif
                          M     if (((0)   & 1) == 1)
                          M         bsf     ((PORTB) + 80h), 000h
                          M     else
0032   1006               M         bcf     ((PORTB) + 80h), 000h
                          M     endif
                      00124 
                      00125 ; C:\USERS\S2825585\DESKTOP\SAMPLEREPO\FLASH.BAS        00019   Z0000F     Pause 500       ' Delay for .
                            5 seconds
0033                  00126 Z0000F
                      00127         PAUSE?C 001F4h
                          M     if (((001F4h) >> 8) == 0)
                          M         MOVE?CA 001F4h
                          M         L?CALL  PAUSE
                          M     else
                          M         MOVE?CB (001F4h) >> 8, R1 + 1
                          M         CHK?RP  R1 + 1
                          M     if (((R1 + 1) & 180h) == 0)
                          M       if (PREV_BANK == 1)
0033   1283               M         bcf     STATUS, RP0
                          M       endif
                          M       if (PREV_BANK == 2)
                          M         bcf     STATUS, RP1
                          M       endif
                          M       if (PREV_BANK == 3)
                          M         bcf     STATUS, RP0
                          M         bcf     STATUS, RP1
MPASM  5.42                         FLASH.ASM   8-16-2017  10:58:40         PAGE 13


LOC  OBJECT CODE     LINE SOURCE TEXT
  VALUE

                          M       endif
  00000000                M PREV_BANK = 0
                          M     endif
                          M 
                          M     if (((R1 + 1) & 180h) == 80h)
                          M       if (PREV_BANK == 0)
                          M         bsf     STATUS, RP0
                          M       endif
                          M       if (PREV_BANK == 2)
                          M         bsf     STATUS, RP0
                          M         bcf     STATUS, RP1
                          M       endif
                          M       if (PREV_BANK == 3)
                          M         bcf     STATUS, RP1
                          M       endif
                          M PREV_BANK = 1
                          M     endif
                          M 
                          M     if (((R1 + 1) & 180h) == 100h)
                          M       if (PREV_BANK == 0)
                          M         bsf     STATUS, RP1
                          M       endif
                          M       if (PREV_BANK == 1)
                          M         bcf     STATUS, RP0
                          M         bsf     STATUS, RP1
                          M       endif
                          M       if (PREV_BANK == 3)
                          M         bcf     STATUS, RP0
                          M       endif
                          M PREV_BANK = 2
                          M     endif
                          M 
                          M     if (((R1 + 1) & 180h) == 180h)
                          M       if (PREV_BANK == 0)
                          M         bsf     STATUS, RP0
                          M         bsf     STATUS, RP1
                          M       endif
                          M       if (PREV_BANK == 1)
                          M         bsf     STATUS, RP1
                          M       endif
                          M       if (PREV_BANK == 2)
                          M         bsf     STATUS, RP0
                          M       endif
                          M PREV_BANK = 3
                          M     endif
                          M     if (low ((001F4h) >> 8) == 0)
                          M         clrf    R1 + 1
                          M     else
0034   3001               M         movlw   low ((001F4h) >> 8)
0035   008F               M         movwf   R1 + 1
                          M     endif
                          M         MOVE?CA low (001F4h)
0036   30F4               M         movlw   low (low (001F4h))
MPASM  5.42                         FLASH.ASM   8-16-2017  10:58:40         PAGE 14


LOC  OBJECT CODE     LINE SOURCE TEXT
  VALUE

                          M         L?CALL  PAUSEL
                          M         RST?RP
                          M     if ((PREV_BANK & 1) != 0)
                          M         bcf     STATUS, RP0
                          M     endif
                          M     if ((PREV_BANK & 2) != 0)
                          M         bcf     STATUS, RP1
                          M     endif
  00000000                M PREV_BANK = 0
                          M 
                          M     ifdef USE_LINKER
                          M       if (CODE_SIZE > 2)
                          M         pagesel PAUSEL
                          M       endif
                          M     else
                          M       if ((PAUSEL) < 1)
                          M         if (CODE_SIZE > 2)
                          M           if (((PAUSEL) & 800h) == 0)
                          M         bcf     PCLATH, 3
                          M         else
                          M         bsf     PCLATH, 3
                          M         endif
                          M         endif
                          M         if (CODE_SIZE > 4)
                          M           if (((PAUSEL) & 1000h) == 0)
                          M         bcf     PCLATH, 4
                          M           else
                          M         bsf     PCLATH, 4
                          M           endif
                          M         endif
                          M       else
                          M         if ((PAUSEL) > $)
                          M           if (CODE_SIZE > 2)
                          M             if (((PAUSEL) & 800h) == 0)
                          M         bcf     PCLATH, 3
                          M             else
                          M         bsf     PCLATH, 3
                          M             endif
                          M           endif
                          M           if (CODE_SIZE > 4)
                          M             if (((PAUSEL) & 1000h) == 0)
                          M         bcf     PCLATH, 4
                          M             else
                          M         bsf     PCLATH, 4
                          M             endif
                          M           endif
                          M         else
                          M           if (CODE_SIZE > 2)
                          M             if (((PAUSEL) & 1800h) == 0)
                          M         clrf    PCLATH
                          M             else
                          M               if (((PAUSEL) & 800h) == 0)
                          M         bcf     PCLATH, 3
MPASM  5.42                         FLASH.ASM   8-16-2017  10:58:40         PAGE 15


LOC  OBJECT CODE     LINE SOURCE TEXT
  VALUE

                          M               else
                          M         bsf     PCLATH, 3
                          M               endif
                          M               if (CODE_SIZE > 4)
                          M                 if (((PAUSEL) & 1000h) == 0)
                          M         bcf     PCLATH, 4
                          M                 else
                          M         bsf     PCLATH, 4
                          M                 endif   
                          M               endif
                          M             endif
                          M           endif
                          M         endif
                          M       endif
                          M     endif
                          M 
0037   2002               M         call    PAUSEL
                          M     endif
                      00128 
                      00129 ; C:\USERS\S2825585\DESKTOP\SAMPLEREPO\FLASH.BAS        00021   Z00010     Goto mainloop   ' Go back to 
                            loop and blink LED forever
0038                  00130 Z00010
                      00131         GOTO?L  _mainloop
                          M         L?GOTO  _mainloop
                          M     ifdef USE_LINKER
                          M         CLRWDT?
                          M     else
                          M       if ($ == (_mainloop))
                          M         CLRWDT?
                          M       endif
                          M     endif
                          M 
                          M         RST?RP
                          M     if ((PREV_BANK & 1) != 0)
                          M         bcf     STATUS, RP0
                          M     endif
                          M     if ((PREV_BANK & 2) != 0)
                          M         bcf     STATUS, RP1
                          M     endif
  00000000                M PREV_BANK = 0
                          M 
                          M     ifdef USE_LINKER
                          M       if (CODE_SIZE > 2)
                          M         pagesel _mainloop
                          M       endif
                          M     else
                          M       if ((_mainloop) < 1)
                          M         if (CODE_SIZE > 2)
                          M           if (((_mainloop) & 800h) == 0)
                          M         bcf     PCLATH, 3
                          M           else
                          M         bsf     PCLATH, 3
                          M           endif
MPASM  5.42                         FLASH.ASM   8-16-2017  10:58:40         PAGE 16


LOC  OBJECT CODE     LINE SOURCE TEXT
  VALUE

                          M         endif
                          M         if (CODE_SIZE > 4)
                          M           if (((_mainloop) & 1000h) == 0)
                          M         bcf     PCLATH, 4
                          M           else
                          M         bsf     PCLATH, 4
                          M           endif
                          M         endif
                          M       else
                          M         if ((_mainloop) > $)
                          M           if (CODE_SIZE > 2)
                          M             if (((_mainloop) & 800h) == 0)
                          M         bcf     PCLATH, 3
                          M             else
                          M         bsf     PCLATH, 3
                          M             endif
                          M           endif
                          M           if (CODE_SIZE > 4)
                          M             if (((_mainloop) & 1000h) == 0)
                          M         bcf     PCLATH, 4
                          M             else
                          M         bsf     PCLATH, 4
                          M             endif
                          M           endif
                          M         else
                          M           if (CODE_SIZE > 2)
                          M             if (((_mainloop) & 1800h) == 0)
                          M         clrf    PCLATH
                          M             else
                          M               if (((_mainloop) & 800h) == 0)
                          M         bcf     PCLATH, 3
                          M               else
                          M         bsf     PCLATH, 3
                          M               endif
                          M               if (CODE_SIZE > 4)
                          M                 if (((_mainloop) & 1000h) == 0)
                          M         bcf     PCLATH, 4
                          M                 else
                          M         bsf     PCLATH, 4
                          M                 endif
                          M               endif
                          M             endif
                          M           endif
                          M         endif
                          M       endif
                          M     endif
                          M 
0038   2828               M         goto    _mainloop
                      00132 
                      00133 ; C:\USERS\S2825585\DESKTOP\SAMPLEREPO\FLASH.BAS        00023   Z00011     End
0039                  00134 Z00011
                      00135         END?    
  0000                    M     local loop
MPASM  5.42                         FLASH.ASM   8-16-2017  10:58:40         PAGE 17


LOC  OBJECT CODE     LINE SOURCE TEXT
  VALUE

0039   0063               M loop    sleep
                          M         L?GOTO  loop
                          M     ifdef USE_LINKER
                          M         CLRWDT?
                          M     else
                          M       if ($ == (_30loop))
                          M         CLRWDT?
                          M       endif
                          M     endif
                          M 
                          M         RST?RP
                          M     if ((PREV_BANK & 1) != 0)
                          M         bcf     STATUS, RP0
                          M     endif
                          M     if ((PREV_BANK & 2) != 0)
                          M         bcf     STATUS, RP1
                          M     endif
  00000000                M PREV_BANK = 0
                          M 
                          M     ifdef USE_LINKER
                          M       if (CODE_SIZE > 2)
                          M         pagesel _30loop
                          M       endif
                          M     else
                          M       if ((_30loop) < 1)
                          M         if (CODE_SIZE > 2)
                          M           if (((_30loop) & 800h) == 0)
                          M         bcf     PCLATH, 3
                          M           else
                          M         bsf     PCLATH, 3
                          M           endif
                          M         endif
                          M         if (CODE_SIZE > 4)
                          M           if (((_30loop) & 1000h) == 0)
                          M         bcf     PCLATH, 4
                          M           else
                          M         bsf     PCLATH, 4
                          M           endif
                          M         endif
                          M       else
                          M         if ((_30loop) > $)
                          M           if (CODE_SIZE > 2)
                          M             if (((_30loop) & 800h) == 0)
                          M         bcf     PCLATH, 3
                          M             else
                          M         bsf     PCLATH, 3
                          M             endif
                          M           endif
                          M           if (CODE_SIZE > 4)
                          M             if (((_30loop) & 1000h) == 0)
                          M         bcf     PCLATH, 4
                          M             else
                          M         bsf     PCLATH, 4
MPASM  5.42                         FLASH.ASM   8-16-2017  10:58:40         PAGE 18


LOC  OBJECT CODE     LINE SOURCE TEXT
  VALUE

                          M             endif
                          M           endif
                          M         else
                          M           if (CODE_SIZE > 2)
                          M             if (((_30loop) & 1800h) == 0)
                          M         clrf    PCLATH
                          M             else
                          M               if (((_30loop) & 800h) == 0)
                          M         bcf     PCLATH, 3
                          M               else
                          M         bsf     PCLATH, 3
                          M               endif
                          M               if (CODE_SIZE > 4)
                          M                 if (((_30loop) & 1000h) == 0)
                          M         bcf     PCLATH, 4
                          M                 else
                          M         bsf     PCLATH, 4
                          M                 endif
                          M               endif
                          M             endif
                          M           endif
                          M         endif
                          M       endif
                          M     endif
                          M 
003A   2839               M         goto    _30loop
                      00136 
                      00137         END
MPASM  5.42                         FLASH.ASM   8-16-2017  10:58:40         PAGE 19


SYMBOL TABLE
  LABEL                             VALUE 

ADC_BITS                          00000008
ADC_CLOCK                         00000003
ADC_SAMPLEUS                      00000032
BANK0_END                         0000004F
BANK0_START                       0000000C
BIT?FLIP                          
BIT?FW                            
BIT?GOTO                          
BIT?R1                            
BIT?R2                            
BIT?W                             
BUTTON_PAUSE                      0000000A
C                                 00000000
CCP1_BIT                          00000003
CCP1_REG                          00000006
CHK?RP                            
CLRWDT?                           
CLRWDT?NOP                        
CODE_SIZE                         00000002
DC                                00000001
DEBUGIN_BIT                       00000000
DEBUGIN_MODE                      00000001
DEBUGIN_REG                       00000006
DEBUG_BAUD                        00000960
DEBUG_BIT                         00000000
DEBUG_DELAY                       00000193
DEBUG_MODE                        00000001
DEBUG_REG                         00000006
DONE                              00000023
DONERET                           00000027
DONE_USED                         00000001
EEADR                             00000009
EECON1                            00000088
EECON2                            00000089
EEDATA                            00000008
EEIE                              00000006
EEIF                              00000004
EEPROM_END                        0000213F
EEPROM_START                      00002100
END?                              
F                                 00000001
FLAGS                             0000001E
FSR                               00000004
GIE                               00000007
GOP                               0000001F
GOTO?L                            
HIGH?T                            
HSER_BAUD                         00000960
HSER_BITS                         00000008
HSER_RCSTA                        00000090
HSER_SPBRG                        00000019
HSER_TXSTA                        00000020
I2CFIRSTFLAG                      FLAGS, 2
MPASM  5.42                         FLASH.ASM   8-16-2017  10:58:40         PAGE 20


SYMBOL TABLE
  LABEL                             VALUE 

I2CREADFLAG                       FLAGS, 3
I2CSTOPFLAG                       FLAGS, 5
I2CSTOPSTRFLAG                    FLAGS, 6
I2CWRITEFLAG                      FLAGS, 4
INDF                              00000000
INIT                              00000028
INTCON                            0000000B
INTE                              00000004
INTEDG                            00000006
INTF                              00000001
IRP                               00000007
L?CALL                            
L?GOTO                            
LABEL?L                           
LCDCDFLAG                         FLAGS, 0
LCDINITFLAG                       FLAGS, 1
LCD_BITS                          00000004
LCD_COMMANDUS                     000007D0
LCD_DATAUS                        00000032
LCD_DBIT                          00000000
LCD_DREG                          00000005
LCD_EBIT                          00000003
LCD_EREG                          00000006
LCD_LINES                         00000002
LCD_RSBIT                         00000004
LCD_RSREG                         00000005
LCD_RWBIT                         00000004
LCD_RWREG                         00000005
LOW?T                             
MOVE?AB                           
MOVE?AT                           
MOVE?AW                           
MOVE?AWW                          
MOVE?BA                           
MOVE?BB                           
MOVE?BT                           
MOVE?BW                           
MOVE?CA                           
MOVE?CB                           
MOVE?CT                           
MOVE?CW                           
MOVE?TA                           
MOVE?TB                           
MOVE?TT                           
MOVE?TW                           
MOVE?WA                           
MOVE?WB                           
MOVE?WT                           
MOVE?WW                           
MOVE?WWA                          
MPASMWIN_USED                     00000001
NOT_PD                            00000003
NOT_RBPU                          00000007
MPASM  5.42                         FLASH.ASM   8-16-2017  10:58:40         PAGE 21


SYMBOL TABLE
  LABEL                             VALUE 

NOT_TO                            00000004
OPTION_REG                        00000081
OSC                               00000004
OSC_VALID                         00000001
PAUSE                             00000001
PAUSE?C                           
PAUSEL                            00000002
PAUSEUS                           0000000E
PAUSEUSL                          0000000F
PAUSEUS_USED                      00000001
PAUSE_DELAY                       000003DF
PAUSE_USED                        00000001
PBP_HARDWAREDEF                   
PBP_PATH                          C:\PBP3\
PCL                               00000002
PCLATH                            0000000A
PORTA                             00000005
PORTB                             00000006
PREV_BANK                         00000000
PS0                               00000000
PS1                               00000001
PS2                               00000002
PSA                               00000003
R0                                0000000C
R1                                0000000E
R2                                00000010
R3                                00000012
R4                                00000014
R5                                00000016
R6                                00000018
R7                                0000001A
R8                                0000001C
RA0                               00000000
RA1                               00000001
RA2                               00000002
RA3                               00000003
RA4                               00000004
RAM_BANKS                         00000001
RAM_END                           0000004F
RAM_START                         0000000C
RB0                               00000000
RB1                               00000001
RB2                               00000002
RB3                               00000003
RB4                               00000004
RB5                               00000005
RB6                               00000006
RB7                               00000007
RBIE                              00000003
RBIF                              00000000
RD                                00000000
RESET_ORG                         00000000
RM1                               00000020
MPASM  5.42                         FLASH.ASM   8-16-2017  10:58:40         PAGE 22


SYMBOL TABLE
  LABEL                             VALUE 

RM2                               00000021
RP0                               00000005
RP1                               00000006
RR1                               00000022
RR2                               00000023
RST?RP                            
STATUS                            00000003
T0CS                              00000005
T0IE                              00000005
T0IF                              00000002
T0SE                              00000004
TMR0                              00000001
TMR0IE                            00000005
TMR0IF                            00000002
TRISA                             00000085
TRISA0                            00000000
TRISA1                            00000001
TRISA2                            00000002
TRISA3                            00000003
TRISA4                            00000004
TRISB                             00000086
TRISB0                            00000000
TRISB1                            00000001
TRISB2                            00000002
TRISB3                            00000003
TRISB4                            00000004
TRISB5                            00000005
TRISB6                            00000006
TRISB7                            00000007
W                                 00000000
WR                                00000001
WREN                              00000002
WRERR                             00000003
Z                                 00000002
Z00002                            00000028
Z00003                            00000028
Z00004                            00000028
Z00005                            00000028
Z00006                            00000028
Z00007                            00000028
Z00008                            00000028
Z00009                            00000028
Z0000A                            00000028
Z0000B                            00000028
Z0000C                            00000028
Z0000D                            0000002B
Z0000E                            00000030
Z0000F                            00000033
Z00010                            00000038
Z00011                            00000039
_CONFIG                           00002007
_CP_OFF                           00003FFF
_CP_ON                            0000000F
MPASM  5.42                         FLASH.ASM   8-16-2017  10:58:40         PAGE 23


SYMBOL TABLE
  LABEL                             VALUE 

_HS_OSC                           00003FFE
_IDLOC0                           00002000
_IDLOC1                           00002001
_IDLOC2                           00002002
_IDLOC3                           00002003
_LED                              _PORTB??0
_LP_OSC                           00003FFC
_PORTB??0                         PORTB, 000h
_PORTH                            00000005
_PORTL                            00000006
_PWRTE_OFF                        00003FFF
_PWRTE_ON                         00003FF7
_RC_OSC                           00003FFF
_TRISH                            00000085
_TRISL                            00000086
_WDT_OFF                          00003FFB
_WDT_ON                           00003FFF
_XT_OSC                           00003FFD
__16F84                           00000001
_mainloop                         00000028
main                              00000028
pauseloop                         00000003
pauseusdone                       00000022
pauseush                          00000018
pauseusloop                       00000015


MEMORY USAGE MAP ('X' = Used,  '-' = Unused)

0000 : XXXXXXXXXXXXXXXX XXXXXXXXXXXXXXXX XXXXXXXXXXXXXXXX XXXXXXXXXXX-----
2000 : -------X-------- ---------------- ---------------- ----------------

All other memory blocks unused.

Program Memory Words Used:    59
Program Memory Words Free:   965


Errors   :     0
Warnings :     0 reported,     0 suppressed
Messages :     0 reported,     2 suppressed

